# hmmsearch :: search profile(s) against a sequence database
# HMMER 3.3 (Nov 2019); http://hmmer.org/
# Copyright (C) 2019 Howard Hughes Medical Institute.
# Freely distributed under the BSD open source license.
# - - - - - - - - - - - - - - - - - - - - - - - - - - - - - - - - - - - -
# query HMM file:                  bpti_kunitz.hmm
# target sequence database:        D3GGZ8.fasta
# Max sensitivity mode:            on [all heuristic filters off]
# sequence search space set to:    1
# - - - - - - - - - - - - - - - - - - - - - - - - - - - - - - - - - - - -

Query:       clean_kunitz_aln  [M=58]
Scores for complete sequences (score includes all domains):
   --- full sequence ---   --- best 1 domain ---    -#dom-
    E-value  score  bias    E-value  score  bias    exp  N  Sequence             Description
    ------- ------ -----    ------- ------ -----   ---- --  --------             -----------
     0.0028    4.2  10.7    1.9e-05   11.2   0.3    2.7  3  sp|D3GGZ8|BLI5_HAECO  Kunitz-type protein bli-5 OS=Haemonchus


Domain annotation for each sequence (and alignments):
>> sp|D3GGZ8|BLI5_HAECO  Kunitz-type protein bli-5 OS=Haemonchus contortus OX=6289 GN=bli-5 PE=3 SV=1
   #    score  bias  c-Evalue  i-Evalue hmmfrom  hmm to    alifrom  ali to    envfrom  env to     acc
 ---   ------ ----- --------- --------- ------- -------    ------- -------    ------- -------    ----
   1 ?   -3.7   0.3      0.84      0.84      26      31 ..      21      26 ..      19      27 .. 0.70
   2 ?   -1.4   0.6      0.15      0.15      38      52 ..     107     121 ..     107     123 .. 0.84
   3 !   11.2   0.3   1.9e-05   1.9e-05      29      56 ..     163     191 ..     152     193 .. 0.81

  Alignments for each domain:
  == domain 1  score: -3.7 bits;  conditional E-value: 0.84
      clean_kunitz_aln 26 kakkCl 31
                          +akkC+
  sp|D3GGZ8|BLI5_HAECO 21 QAKKCT 26
                          688886 PP

  == domain 2  score: -1.4 bits;  conditional E-value: 0.15
      clean_kunitz_aln  38 cggneNnFktieeCr 52 
                           c  + N  +t +eC 
  sp|D3GGZ8|BLI5_HAECO 107 CSSKTNDCETGYECI 121
                           788999999999995 PP

  == domain 3  score: 11.2 bits;  conditional E-value: 1.9e-05
      clean_kunitz_aln  29 kClrFvygGcg.gneNnFktieeCrrtCl 56 
                           +C +F +       +NnFkt  +C+  C+
  sp|D3GGZ8|BLI5_HAECO 163 ECVKFKWDPEKpSSANNFKTKLQCESYCV 191
                           688888876542679*************7 PP



Internal pipeline statistics summary:
-------------------------------------
Query model(s):                            1  (58 nodes)
Target sequences:                          1  (195 residues searched)
Passed MSV filter:                         1  (1); expected 1.0 (1)
Passed bias filter:                        1  (1); expected 1.0 (1)
Passed Vit filter:                         1  (1); expected 1.0 (1)
Passed Fwd filter:                         1  (1); expected 1.0 (1)
Initial search space (Z):                  1  [as set by --Z on cmdline]
Domain search space  (domZ):               1  [number of targets reported over threshold]
# CPU time: 0.00u 0.00s 00:00:00.00 Elapsed: 00:00:00.00
# Mc/sec: 9.60
//
[ok]
